ERROR - 2023-12-10 18:00:05 --> mysqli_sql_exception: Cannot add or update a child row: a foreign key constraint fails (`tienda`.`productos`, CONSTRAINT `fk_categoria` FOREIGN KEY (`categoria_id`) REFERENCES `categorias` (`id`)) in C:\Users\famua\OneDrive\Escritorio\Carlos TEC\Fundamentos de BD\Codeigniter\Tienda_BD\system\Database\MySQLi\Connection.php:306
Stack trace:
#0 C:\Users\famua\OneDrive\Escritorio\Carlos TEC\Fundamentos de BD\Codeigniter\Tienda_BD\system\Database\MySQLi\Connection.php(306): mysqli->query('INSERT INTO `pr...', 0)
#1 C:\Users\famua\OneDrive\Escritorio\Carlos TEC\Fundamentos de BD\Codeigniter\Tienda_BD\system\Database\BaseConnection.php(693): CodeIgniter\Database\MySQLi\Connection->execute('INSERT INTO `pr...')
#2 C:\Users\famua\OneDrive\Escritorio\Carlos TEC\Fundamentos de BD\Codeigniter\Tienda_BD\system\Database\BaseConnection.php(607): CodeIgniter\Database\BaseConnection->simpleQuery('INSERT INTO `pr...')
#3 C:\Users\famua\OneDrive\Escritorio\Carlos TEC\Fundamentos de BD\Codeigniter\Tienda_BD\system\Database\BaseBuilder.php(2308): CodeIgniter\Database\BaseConnection->query('INSERT INTO `pr...', Array, false)
#4 C:\Users\famua\OneDrive\Escritorio\Carlos TEC\Fundamentos de BD\Codeigniter\Tienda_BD\system\Model.php(319): CodeIgniter\Database\BaseBuilder->insert()
#5 C:\Users\famua\OneDrive\Escritorio\Carlos TEC\Fundamentos de BD\Codeigniter\Tienda_BD\system\BaseModel.php(788): CodeIgniter\Model->doInsert(Array)
#6 C:\Users\famua\OneDrive\Escritorio\Carlos TEC\Fundamentos de BD\Codeigniter\Tienda_BD\system\Model.php(715): CodeIgniter\BaseModel->insert(Array, true)
#7 C:\Users\famua\OneDrive\Escritorio\Carlos TEC\Fundamentos de BD\Codeigniter\Tienda_BD\app\Controllers\ProductoController.php(51): CodeIgniter\Model->insert(Array)
#8 C:\Users\famua\OneDrive\Escritorio\Carlos TEC\Fundamentos de BD\Codeigniter\Tienda_BD\system\CodeIgniter.php(942): App\Controllers\ProductoController->store()
#9 C:\Users\famua\OneDrive\Escritorio\Carlos TEC\Fundamentos de BD\Codeigniter\Tienda_BD\system\CodeIgniter.php(502): CodeIgniter\CodeIgniter->runController(Object(App\Controllers\ProductoController))
#10 C:\Users\famua\OneDrive\Escritorio\Carlos TEC\Fundamentos de BD\Codeigniter\Tienda_BD\system\CodeIgniter.php(361): CodeIgniter\CodeIgniter->handleRequest(NULL, Object(Config\Cache), false)
#11 C:\Users\famua\OneDrive\Escritorio\Carlos TEC\Fundamentos de BD\Codeigniter\Tienda_BD\public\index.php(79): CodeIgniter\CodeIgniter->run()
#12 C:\Users\famua\OneDrive\Escritorio\Carlos TEC\Fundamentos de BD\Codeigniter\Tienda_BD\system\Commands\Server\rewrite.php(47): require_once('C:\\Users\\famua\\...')
#13 {main}
CRITICAL - 2023-12-10 18:00:05 --> Cannot add or update a child row: a foreign key constraint fails (`tienda`.`productos`, CONSTRAINT `fk_categoria` FOREIGN KEY (`categoria_id`) REFERENCES `categorias` (`id`))
in SYSTEMPATH\Database\BaseConnection.php on line 647.
 1 SYSTEMPATH\Database\BaseBuilder.php(2308): CodeIgniter\Database\BaseConnection->query('INSERT INTO `productos` (`sku`, `nombre_producto`, `nombre_corto`, `descripcion`, `imagen`, `precio_venta`, `precio_compra`, `created_at`, `updated_at`) VALUES (:sku:, :nombre_producto:, :nombre_corto:, :descripcion:, :imagen:, :precio_venta:, :precio_compra:, :created_at:, :updated_at:)', [...], false)
 2 SYSTEMPATH\Model.php(319): CodeIgniter\Database\BaseBuilder->insert()
 3 SYSTEMPATH\BaseModel.php(788): CodeIgniter\Model->doInsert([...])
 4 SYSTEMPATH\Model.php(715): CodeIgniter\BaseModel->insert([...], true)
 5 APPPATH\Controllers\ProductoController.php(51): CodeIgniter\Model->insert([...])
 6 SYSTEMPATH\CodeIgniter.php(942): App\Controllers\ProductoController->store()
 7 SYSTEMPATH\CodeIgniter.php(502): CodeIgniter\CodeIgniter->runController(Object(App\Controllers\ProductoController))
 8 SYSTEMPATH\CodeIgniter.php(361): CodeIgniter\CodeIgniter->handleRequest(null, Object(Config\Cache), false)
 9 FCPATH\index.php(79): CodeIgniter\CodeIgniter->run()
10 SYSTEMPATH\Commands\Server\rewrite.php(47): require_once('C:\\Users\\famua\\OneDrive\\Escritorio\\Carlos TEC\\Fundamentos de BD\\Codeigniter\\Tienda_BD\\public\\index.php')
ERROR - 2023-12-10 18:17:19 --> mysqli_sql_exception: Cannot add or update a child row: a foreign key constraint fails (`tienda`.`productos`, CONSTRAINT `fk_categoria` FOREIGN KEY (`categoria_id`) REFERENCES `categorias` (`id`)) in C:\Users\famua\OneDrive\Escritorio\Carlos TEC\Fundamentos de BD\Codeigniter\Tienda_BD\system\Database\MySQLi\Connection.php:306
Stack trace:
#0 C:\Users\famua\OneDrive\Escritorio\Carlos TEC\Fundamentos de BD\Codeigniter\Tienda_BD\system\Database\MySQLi\Connection.php(306): mysqli->query('INSERT INTO `pr...', 0)
#1 C:\Users\famua\OneDrive\Escritorio\Carlos TEC\Fundamentos de BD\Codeigniter\Tienda_BD\system\Database\BaseConnection.php(693): CodeIgniter\Database\MySQLi\Connection->execute('INSERT INTO `pr...')
#2 C:\Users\famua\OneDrive\Escritorio\Carlos TEC\Fundamentos de BD\Codeigniter\Tienda_BD\system\Database\BaseConnection.php(607): CodeIgniter\Database\BaseConnection->simpleQuery('INSERT INTO `pr...')
#3 C:\Users\famua\OneDrive\Escritorio\Carlos TEC\Fundamentos de BD\Codeigniter\Tienda_BD\system\Database\BaseBuilder.php(2308): CodeIgniter\Database\BaseConnection->query('INSERT INTO `pr...', Array, false)
#4 C:\Users\famua\OneDrive\Escritorio\Carlos TEC\Fundamentos de BD\Codeigniter\Tienda_BD\system\Model.php(319): CodeIgniter\Database\BaseBuilder->insert()
#5 C:\Users\famua\OneDrive\Escritorio\Carlos TEC\Fundamentos de BD\Codeigniter\Tienda_BD\system\BaseModel.php(788): CodeIgniter\Model->doInsert(Array)
#6 C:\Users\famua\OneDrive\Escritorio\Carlos TEC\Fundamentos de BD\Codeigniter\Tienda_BD\system\Model.php(715): CodeIgniter\BaseModel->insert(Array, true)
#7 C:\Users\famua\OneDrive\Escritorio\Carlos TEC\Fundamentos de BD\Codeigniter\Tienda_BD\app\Controllers\ProductoController.php(51): CodeIgniter\Model->insert(Array)
#8 C:\Users\famua\OneDrive\Escritorio\Carlos TEC\Fundamentos de BD\Codeigniter\Tienda_BD\system\CodeIgniter.php(942): App\Controllers\ProductoController->store()
#9 C:\Users\famua\OneDrive\Escritorio\Carlos TEC\Fundamentos de BD\Codeigniter\Tienda_BD\system\CodeIgniter.php(502): CodeIgniter\CodeIgniter->runController(Object(App\Controllers\ProductoController))
#10 C:\Users\famua\OneDrive\Escritorio\Carlos TEC\Fundamentos de BD\Codeigniter\Tienda_BD\system\CodeIgniter.php(361): CodeIgniter\CodeIgniter->handleRequest(NULL, Object(Config\Cache), false)
#11 C:\Users\famua\OneDrive\Escritorio\Carlos TEC\Fundamentos de BD\Codeigniter\Tienda_BD\public\index.php(79): CodeIgniter\CodeIgniter->run()
#12 C:\Users\famua\OneDrive\Escritorio\Carlos TEC\Fundamentos de BD\Codeigniter\Tienda_BD\system\Commands\Server\rewrite.php(47): require_once('C:\\Users\\famua\\...')
#13 {main}
CRITICAL - 2023-12-10 18:17:19 --> Cannot add or update a child row: a foreign key constraint fails (`tienda`.`productos`, CONSTRAINT `fk_categoria` FOREIGN KEY (`categoria_id`) REFERENCES `categorias` (`id`))
in SYSTEMPATH\Database\BaseConnection.php on line 647.
 1 SYSTEMPATH\Database\BaseBuilder.php(2308): CodeIgniter\Database\BaseConnection->query('INSERT INTO `productos` (`sku`, `nombre_producto`, `nombre_corto`, `descripcion`, `imagen`, `precio_venta`, `precio_compra`, `created_at`, `updated_at`) VALUES (:sku:, :nombre_producto:, :nombre_corto:, :descripcion:, :imagen:, :precio_venta:, :precio_compra:, :created_at:, :updated_at:)', [...], false)
 2 SYSTEMPATH\Model.php(319): CodeIgniter\Database\BaseBuilder->insert()
 3 SYSTEMPATH\BaseModel.php(788): CodeIgniter\Model->doInsert([...])
 4 SYSTEMPATH\Model.php(715): CodeIgniter\BaseModel->insert([...], true)
 5 APPPATH\Controllers\ProductoController.php(51): CodeIgniter\Model->insert([...])
 6 SYSTEMPATH\CodeIgniter.php(942): App\Controllers\ProductoController->store()
 7 SYSTEMPATH\CodeIgniter.php(502): CodeIgniter\CodeIgniter->runController(Object(App\Controllers\ProductoController))
 8 SYSTEMPATH\CodeIgniter.php(361): CodeIgniter\CodeIgniter->handleRequest(null, Object(Config\Cache), false)
 9 FCPATH\index.php(79): CodeIgniter\CodeIgniter->run()
10 SYSTEMPATH\Commands\Server\rewrite.php(47): require_once('C:\\Users\\famua\\OneDrive\\Escritorio\\Carlos TEC\\Fundamentos de BD\\Codeigniter\\Tienda_BD\\public\\index.php')
