ERROR - 2023-12-08 00:17:38 --> mysqli_sql_exception: Table 'tienda.news' doesn't exist in C:\Users\famua\OneDrive\Escritorio\Carlos TEC\Fundamentos de BD\Codeigniter\Tienda_BD\system\Database\MySQLi\Connection.php:306
Stack trace:
#0 C:\Users\famua\OneDrive\Escritorio\Carlos TEC\Fundamentos de BD\Codeigniter\Tienda_BD\system\Database\MySQLi\Connection.php(306): mysqli->query('select * from n...', 0)
#1 C:\Users\famua\OneDrive\Escritorio\Carlos TEC\Fundamentos de BD\Codeigniter\Tienda_BD\system\Database\BaseConnection.php(693): CodeIgniter\Database\MySQLi\Connection->execute('select * from n...')
#2 C:\Users\famua\OneDrive\Escritorio\Carlos TEC\Fundamentos de BD\Codeigniter\Tienda_BD\system\Database\BaseConnection.php(607): CodeIgniter\Database\BaseConnection->simpleQuery('select * from n...')
#3 C:\Users\famua\OneDrive\Escritorio\Carlos TEC\Fundamentos de BD\Codeigniter\Tienda_BD\app\Controllers\ConsultasController.php(11): CodeIgniter\Database\BaseConnection->query('select * from n...')
#4 C:\Users\famua\OneDrive\Escritorio\Carlos TEC\Fundamentos de BD\Codeigniter\Tienda_BD\system\CodeIgniter.php(942): App\Controllers\ConsultasController->index()
#5 C:\Users\famua\OneDrive\Escritorio\Carlos TEC\Fundamentos de BD\Codeigniter\Tienda_BD\system\CodeIgniter.php(502): CodeIgniter\CodeIgniter->runController(Object(App\Controllers\ConsultasController))
#6 C:\Users\famua\OneDrive\Escritorio\Carlos TEC\Fundamentos de BD\Codeigniter\Tienda_BD\system\CodeIgniter.php(361): CodeIgniter\CodeIgniter->handleRequest(NULL, Object(Config\Cache), false)
#7 C:\Users\famua\OneDrive\Escritorio\Carlos TEC\Fundamentos de BD\Codeigniter\Tienda_BD\public\index.php(79): CodeIgniter\CodeIgniter->run()
#8 C:\Users\famua\OneDrive\Escritorio\Carlos TEC\Fundamentos de BD\Codeigniter\Tienda_BD\system\Commands\Server\rewrite.php(47): require_once('C:\\Users\\famua\\...')
#9 {main}
CRITICAL - 2023-12-08 00:17:38 --> Table 'tienda.news' doesn't exist
in SYSTEMPATH\Database\BaseConnection.php on line 647.
 1 APPPATH\Controllers\ConsultasController.php(11): CodeIgniter\Database\BaseConnection->query('select * from news')
 2 SYSTEMPATH\CodeIgniter.php(942): App\Controllers\ConsultasController->index()
 3 SYSTEMPATH\CodeIgniter.php(502): CodeIgniter\CodeIgniter->runController(Object(App\Controllers\ConsultasController))
 4 SYSTEMPATH\CodeIgniter.php(361): CodeIgniter\CodeIgniter->handleRequest(null, Object(Config\Cache), false)
 5 FCPATH\index.php(79): CodeIgniter\CodeIgniter->run()
 6 SYSTEMPATH\Commands\Server\rewrite.php(47): require_once('C:\\Users\\famua\\OneDrive\\Escritorio\\Carlos TEC\\Fundamentos de BD\\Codeigniter\\Tienda_BD\\public\\index.php')
CRITICAL - 2023-12-08 01:14:36 --> Class "App\Controllers\ProductoModel" not found
in APPPATH\Controllers\ProductoController.php on line 14.
 1 SYSTEMPATH\CodeIgniter.php(914): App\Controllers\ProductoController->__construct()
 2 SYSTEMPATH\CodeIgniter.php(493): CodeIgniter\CodeIgniter->createController()
 3 SYSTEMPATH\CodeIgniter.php(361): CodeIgniter\CodeIgniter->handleRequest(null, Object(Config\Cache), false)
 4 FCPATH\index.php(79): CodeIgniter\CodeIgniter->run()
 5 SYSTEMPATH\Commands\Server\rewrite.php(47): require_once('C:\\Users\\famua\\OneDrive\\Escritorio\\Carlos TEC\\Fundamentos de BD\\Codeigniter\\Tienda_BD\\public\\index.php')
CRITICAL - 2023-12-08 01:15:35 --> Class "App\Controllers\ProductoModel" not found
in APPPATH\Controllers\ProductoController.php on line 14.
 1 SYSTEMPATH\CodeIgniter.php(914): App\Controllers\ProductoController->__construct()
 2 SYSTEMPATH\CodeIgniter.php(493): CodeIgniter\CodeIgniter->createController()
 3 SYSTEMPATH\CodeIgniter.php(361): CodeIgniter\CodeIgniter->handleRequest(null, Object(Config\Cache), false)
 4 FCPATH\index.php(79): CodeIgniter\CodeIgniter->run()
 5 SYSTEMPATH\Commands\Server\rewrite.php(47): require_once('C:\\Users\\famua\\OneDrive\\Escritorio\\Carlos TEC\\Fundamentos de BD\\Codeigniter\\Tienda_BD\\public\\index.php')
CRITICAL - 2023-12-08 01:15:41 --> Class "App\Controllers\ProductoModel" not found
in APPPATH\Controllers\ProductoController.php on line 14.
 1 SYSTEMPATH\CodeIgniter.php(914): App\Controllers\ProductoController->__construct()
 2 SYSTEMPATH\CodeIgniter.php(493): CodeIgniter\CodeIgniter->createController()
 3 SYSTEMPATH\CodeIgniter.php(361): CodeIgniter\CodeIgniter->handleRequest(null, Object(Config\Cache), false)
 4 FCPATH\index.php(79): CodeIgniter\CodeIgniter->run()
 5 SYSTEMPATH\Commands\Server\rewrite.php(47): require_once('C:\\Users\\famua\\OneDrive\\Escritorio\\Carlos TEC\\Fundamentos de BD\\Codeigniter\\Tienda_BD\\public\\index.php')
CRITICAL - 2023-12-08 01:16:30 --> Class "App\Controllers\ProductoModel" not found
in APPPATH\Controllers\ProductoController.php on line 14.
 1 SYSTEMPATH\CodeIgniter.php(914): App\Controllers\ProductoController->__construct()
 2 SYSTEMPATH\CodeIgniter.php(493): CodeIgniter\CodeIgniter->createController()
 3 SYSTEMPATH\CodeIgniter.php(361): CodeIgniter\CodeIgniter->handleRequest(null, Object(Config\Cache), false)
 4 FCPATH\index.php(79): CodeIgniter\CodeIgniter->run()
 5 SYSTEMPATH\Commands\Server\rewrite.php(47): require_once('C:\\Users\\famua\\OneDrive\\Escritorio\\Carlos TEC\\Fundamentos de BD\\Codeigniter\\Tienda_BD\\public\\index.php')
CRITICAL - 2023-12-08 01:18:32 --> Class "App\Controllers\ProductoModel" not found
in APPPATH\Controllers\ProductoController.php on line 14.
 1 SYSTEMPATH\CodeIgniter.php(914): App\Controllers\ProductoController->__construct()
 2 SYSTEMPATH\CodeIgniter.php(493): CodeIgniter\CodeIgniter->createController()
 3 SYSTEMPATH\CodeIgniter.php(361): CodeIgniter\CodeIgniter->handleRequest(null, Object(Config\Cache), false)
 4 FCPATH\index.php(79): CodeIgniter\CodeIgniter->run()
 5 SYSTEMPATH\Commands\Server\rewrite.php(47): require_once('C:\\Users\\famua\\OneDrive\\Escritorio\\Carlos TEC\\Fundamentos de BD\\Codeigniter\\Tienda_BD\\public\\index.php')
CRITICAL - 2023-12-08 01:20:07 --> Class "App\Controllers\ProductoModel" not found
in APPPATH\Controllers\ProductoController.php on line 14.
 1 SYSTEMPATH\CodeIgniter.php(914): App\Controllers\ProductoController->__construct()
 2 SYSTEMPATH\CodeIgniter.php(493): CodeIgniter\CodeIgniter->createController()
 3 SYSTEMPATH\CodeIgniter.php(361): CodeIgniter\CodeIgniter->handleRequest(null, Object(Config\Cache), false)
 4 FCPATH\index.php(79): CodeIgniter\CodeIgniter->run()
 5 SYSTEMPATH\Commands\Server\rewrite.php(47): require_once('C:\\Users\\famua\\OneDrive\\Escritorio\\Carlos TEC\\Fundamentos de BD\\Codeigniter\\Tienda_BD\\public\\index.php')
CRITICAL - 2023-12-08 01:21:06 --> Class "App\Controllers\ProductoModel" not found
in APPPATH\Controllers\ProductoController.php on line 14.
 1 SYSTEMPATH\CodeIgniter.php(914): App\Controllers\ProductoController->__construct()
 2 SYSTEMPATH\CodeIgniter.php(493): CodeIgniter\CodeIgniter->createController()
 3 SYSTEMPATH\CodeIgniter.php(361): CodeIgniter\CodeIgniter->handleRequest(null, Object(Config\Cache), false)
 4 FCPATH\index.php(79): CodeIgniter\CodeIgniter->run()
 5 SYSTEMPATH\Commands\Server\rewrite.php(47): require_once('C:\\Users\\famua\\OneDrive\\Escritorio\\Carlos TEC\\Fundamentos de BD\\Codeigniter\\Tienda_BD\\public\\index.php')
CRITICAL - 2023-12-08 01:21:15 --> Class "App\Controllers\ProductoModel" not found
in APPPATH\Controllers\ProductoController.php on line 14.
 1 SYSTEMPATH\CodeIgniter.php(914): App\Controllers\ProductoController->__construct()
 2 SYSTEMPATH\CodeIgniter.php(493): CodeIgniter\CodeIgniter->createController()
 3 SYSTEMPATH\CodeIgniter.php(361): CodeIgniter\CodeIgniter->handleRequest(null, Object(Config\Cache), false)
 4 FCPATH\index.php(79): CodeIgniter\CodeIgniter->run()
 5 SYSTEMPATH\Commands\Server\rewrite.php(47): require_once('C:\\Users\\famua\\OneDrive\\Escritorio\\Carlos TEC\\Fundamentos de BD\\Codeigniter\\Tienda_BD\\public\\index.php')
CRITICAL - 2023-12-08 01:26:06 --> Class "App\Controllers\ProductoModel" not found
in APPPATH\Controllers\ProductoController.php on line 14.
 1 SYSTEMPATH\CodeIgniter.php(914): App\Controllers\ProductoController->__construct()
 2 SYSTEMPATH\CodeIgniter.php(493): CodeIgniter\CodeIgniter->createController()
 3 SYSTEMPATH\CodeIgniter.php(361): CodeIgniter\CodeIgniter->handleRequest(null, Object(Config\Cache), false)
 4 FCPATH\index.php(79): CodeIgniter\CodeIgniter->run()
 5 SYSTEMPATH\Commands\Server\rewrite.php(47): require_once('C:\\Users\\famua\\OneDrive\\Escritorio\\Carlos TEC\\Fundamentos de BD\\Codeigniter\\Tienda_BD\\public\\index.php')
CRITICAL - 2023-12-08 01:26:34 --> Class "App\Controllers\ProductoModel" not found
in APPPATH\Controllers\ProductoController.php on line 14.
 1 SYSTEMPATH\CodeIgniter.php(914): App\Controllers\ProductoController->__construct()
 2 SYSTEMPATH\CodeIgniter.php(493): CodeIgniter\CodeIgniter->createController()
 3 SYSTEMPATH\CodeIgniter.php(361): CodeIgniter\CodeIgniter->handleRequest(null, Object(Config\Cache), false)
 4 FCPATH\index.php(79): CodeIgniter\CodeIgniter->run()
 5 SYSTEMPATH\Commands\Server\rewrite.php(47): require_once('C:\\Users\\famua\\OneDrive\\Escritorio\\Carlos TEC\\Fundamentos de BD\\Codeigniter\\Tienda_BD\\public\\index.php')
CRITICAL - 2023-12-08 01:28:14 --> Class "App\Controllers\ProductoModel" not found
in APPPATH\Controllers\ProductoController.php on line 14.
 1 SYSTEMPATH\CodeIgniter.php(914): App\Controllers\ProductoController->__construct()
 2 SYSTEMPATH\CodeIgniter.php(493): CodeIgniter\CodeIgniter->createController()
 3 SYSTEMPATH\CodeIgniter.php(361): CodeIgniter\CodeIgniter->handleRequest(null, Object(Config\Cache), false)
 4 FCPATH\index.php(79): CodeIgniter\CodeIgniter->run()
 5 SYSTEMPATH\Commands\Server\rewrite.php(47): require_once('C:\\Users\\famua\\OneDrive\\Escritorio\\Carlos TEC\\Fundamentos de BD\\Codeigniter\\Tienda_BD\\public\\index.php')
CRITICAL - 2023-12-08 01:28:18 --> Class "App\Controllers\ProductoModel" not found
in APPPATH\Controllers\ProductoController.php on line 14.
 1 SYSTEMPATH\CodeIgniter.php(914): App\Controllers\ProductoController->__construct()
 2 SYSTEMPATH\CodeIgniter.php(493): CodeIgniter\CodeIgniter->createController()
 3 SYSTEMPATH\CodeIgniter.php(361): CodeIgniter\CodeIgniter->handleRequest(null, Object(Config\Cache), false)
 4 FCPATH\index.php(79): CodeIgniter\CodeIgniter->run()
 5 SYSTEMPATH\Commands\Server\rewrite.php(47): require_once('C:\\Users\\famua\\OneDrive\\Escritorio\\Carlos TEC\\Fundamentos de BD\\Codeigniter\\Tienda_BD\\public\\index.php')
CRITICAL - 2023-12-08 01:28:53 --> Class "App\Controllers\ProductoModel" not found
in APPPATH\Controllers\ProductoController.php on line 14.
 1 SYSTEMPATH\CodeIgniter.php(914): App\Controllers\ProductoController->__construct()
 2 SYSTEMPATH\CodeIgniter.php(493): CodeIgniter\CodeIgniter->createController()
 3 SYSTEMPATH\CodeIgniter.php(361): CodeIgniter\CodeIgniter->handleRequest(null, Object(Config\Cache), false)
 4 FCPATH\index.php(79): CodeIgniter\CodeIgniter->run()
 5 SYSTEMPATH\Commands\Server\rewrite.php(47): require_once('C:\\Users\\famua\\OneDrive\\Escritorio\\Carlos TEC\\Fundamentos de BD\\Codeigniter\\Tienda_BD\\public\\index.php')
CRITICAL - 2023-12-08 01:31:00 --> Class "App\Controllers\ProductoModel" not found
in APPPATH\Controllers\ProductoController.php on line 14.
 1 SYSTEMPATH\CodeIgniter.php(914): App\Controllers\ProductoController->__construct()
 2 SYSTEMPATH\CodeIgniter.php(493): CodeIgniter\CodeIgniter->createController()
 3 SYSTEMPATH\CodeIgniter.php(361): CodeIgniter\CodeIgniter->handleRequest(null, Object(Config\Cache), false)
 4 FCPATH\index.php(79): CodeIgniter\CodeIgniter->run()
 5 SYSTEMPATH\Commands\Server\rewrite.php(47): require_once('C:\\Users\\famua\\OneDrive\\Escritorio\\Carlos TEC\\Fundamentos de BD\\Codeigniter\\Tienda_BD\\public\\index.php')
CRITICAL - 2023-12-08 01:38:01 --> Class "App\Controllers\ProductoModel" not found
in APPPATH\Controllers\ProductoController.php on line 14.
 1 SYSTEMPATH\CodeIgniter.php(914): App\Controllers\ProductoController->__construct()
 2 SYSTEMPATH\CodeIgniter.php(493): CodeIgniter\CodeIgniter->createController()
 3 SYSTEMPATH\CodeIgniter.php(361): CodeIgniter\CodeIgniter->handleRequest(null, Object(Config\Cache), false)
 4 FCPATH\index.php(79): CodeIgniter\CodeIgniter->run()
 5 SYSTEMPATH\Commands\Server\rewrite.php(47): require_once('C:\\Users\\famua\\OneDrive\\Escritorio\\Carlos TEC\\Fundamentos de BD\\Codeigniter\\Tienda_BD\\public\\index.php')
CRITICAL - 2023-12-08 01:38:02 --> Class "App\Controllers\ProductoModel" not found
in APPPATH\Controllers\ProductoController.php on line 14.
 1 SYSTEMPATH\CodeIgniter.php(914): App\Controllers\ProductoController->__construct()
 2 SYSTEMPATH\CodeIgniter.php(493): CodeIgniter\CodeIgniter->createController()
 3 SYSTEMPATH\CodeIgniter.php(361): CodeIgniter\CodeIgniter->handleRequest(null, Object(Config\Cache), false)
 4 FCPATH\index.php(79): CodeIgniter\CodeIgniter->run()
 5 SYSTEMPATH\Commands\Server\rewrite.php(47): require_once('C:\\Users\\famua\\OneDrive\\Escritorio\\Carlos TEC\\Fundamentos de BD\\Codeigniter\\Tienda_BD\\public\\index.php')
CRITICAL - 2023-12-08 01:44:39 --> Class "App\Controllers\ProductoModel" not found
in APPPATH\Controllers\ProductoController.php on line 14.
 1 SYSTEMPATH\CodeIgniter.php(914): App\Controllers\ProductoController->__construct()
 2 SYSTEMPATH\CodeIgniter.php(493): CodeIgniter\CodeIgniter->createController()
 3 SYSTEMPATH\CodeIgniter.php(361): CodeIgniter\CodeIgniter->handleRequest(null, Object(Config\Cache), false)
 4 FCPATH\index.php(79): CodeIgniter\CodeIgniter->run()
 5 SYSTEMPATH\Commands\Server\rewrite.php(47): require_once('C:\\Users\\famua\\OneDrive\\Escritorio\\Carlos TEC\\Fundamentos de BD\\Codeigniter\\Tienda_BD\\public\\index.php')
ERROR - 2023-12-08 01:45:50 --> Error connecting to the database: mysqli_sql_exception: No se puede establecer una conexión ya que el equipo de destino denegó expresamente dicha conexión in C:\Users\famua\OneDrive\Escritorio\Carlos TEC\Fundamentos de BD\Codeigniter\Tienda_BD\system\Database\MySQLi\Connection.php:184
Stack trace:
#0 C:\Users\famua\OneDrive\Escritorio\Carlos TEC\Fundamentos de BD\Codeigniter\Tienda_BD\system\Database\MySQLi\Connection.php(184): mysqli->real_connect('localhost', 'root', Object(SensitiveParameterValue), 'tienda', 3306, '', 0)
#1 C:\Users\famua\OneDrive\Escritorio\Carlos TEC\Fundamentos de BD\Codeigniter\Tienda_BD\system\Database\BaseConnection.php(392): CodeIgniter\Database\MySQLi\Connection->connect(false)
#2 C:\Users\famua\OneDrive\Escritorio\Carlos TEC\Fundamentos de BD\Codeigniter\Tienda_BD\system\Database\BaseConnection.php(575): CodeIgniter\Database\BaseConnection->initialize()
#3 C:\Users\famua\OneDrive\Escritorio\Carlos TEC\Fundamentos de BD\Codeigniter\Tienda_BD\app\Controllers\ProductoController.php(21): CodeIgniter\Database\BaseConnection->query('select * from p...')
#4 C:\Users\famua\OneDrive\Escritorio\Carlos TEC\Fundamentos de BD\Codeigniter\Tienda_BD\system\CodeIgniter.php(942): App\Controllers\ProductoController->index()
#5 C:\Users\famua\OneDrive\Escritorio\Carlos TEC\Fundamentos de BD\Codeigniter\Tienda_BD\system\CodeIgniter.php(502): CodeIgniter\CodeIgniter->runController(Object(App\Controllers\ProductoController))
#6 C:\Users\famua\OneDrive\Escritorio\Carlos TEC\Fundamentos de BD\Codeigniter\Tienda_BD\system\CodeIgniter.php(361): CodeIgniter\CodeIgniter->handleRequest(NULL, Object(Config\Cache), false)
#7 C:\Users\famua\OneDrive\Escritorio\Carlos TEC\Fundamentos de BD\Codeigniter\Tienda_BD\public\index.php(79): CodeIgniter\CodeIgniter->run()
#8 C:\Users\famua\OneDrive\Escritorio\Carlos TEC\Fundamentos de BD\Codeigniter\Tienda_BD\system\Commands\Server\rewrite.php(47): require_once('C:\\Users\\famua\\...')
#9 {main}

Next CodeIgniter\Database\Exceptions\DatabaseException: No se puede establecer una conexión ya que el equipo de destino denegó expresamente dicha conexión in C:\Users\famua\OneDrive\Escritorio\Carlos TEC\Fundamentos de BD\Codeigniter\Tienda_BD\system\Database\MySQLi\Connection.php:229
Stack trace:
#0 C:\Users\famua\OneDrive\Escritorio\Carlos TEC\Fundamentos de BD\Codeigniter\Tienda_BD\system\Database\BaseConnection.php(392): CodeIgniter\Database\MySQLi\Connection->connect(false)
#1 C:\Users\famua\OneDrive\Escritorio\Carlos TEC\Fundamentos de BD\Codeigniter\Tienda_BD\system\Database\BaseConnection.php(575): CodeIgniter\Database\BaseConnection->initialize()
#2 C:\Users\famua\OneDrive\Escritorio\Carlos TEC\Fundamentos de BD\Codeigniter\Tienda_BD\app\Controllers\ProductoController.php(21): CodeIgniter\Database\BaseConnection->query('select * from p...')
#3 C:\Users\famua\OneDrive\Escritorio\Carlos TEC\Fundamentos de BD\Codeigniter\Tienda_BD\system\CodeIgniter.php(942): App\Controllers\ProductoController->index()
#4 C:\Users\famua\OneDrive\Escritorio\Carlos TEC\Fundamentos de BD\Codeigniter\Tienda_BD\system\CodeIgniter.php(502): CodeIgniter\CodeIgniter->runController(Object(App\Controllers\ProductoController))
#5 C:\Users\famua\OneDrive\Escritorio\Carlos TEC\Fundamentos de BD\Codeigniter\Tienda_BD\system\CodeIgniter.php(361): CodeIgniter\CodeIgniter->handleRequest(NULL, Object(Config\Cache), false)
#6 C:\Users\famua\OneDrive\Escritorio\Carlos TEC\Fundamentos de BD\Codeigniter\Tienda_BD\public\index.php(79): CodeIgniter\CodeIgniter->run()
#7 C:\Users\famua\OneDrive\Escritorio\Carlos TEC\Fundamentos de BD\Codeigniter\Tienda_BD\system\Commands\Server\rewrite.php(47): require_once('C:\\Users\\famua\\...')
#8 {main}
CRITICAL - 2023-12-08 01:45:50 --> Unable to connect to the database.
Main connection [MySQLi]: No se puede establecer una conexión ya que el equipo de destino denegó expresamente dicha conexión
in SYSTEMPATH\Database\BaseConnection.php on line 428.
 1 SYSTEMPATH\Database\BaseConnection.php(575): CodeIgniter\Database\BaseConnection->initialize()
 2 APPPATH\Controllers\ProductoController.php(21): CodeIgniter\Database\BaseConnection->query('select * from productos')
 3 SYSTEMPATH\CodeIgniter.php(942): App\Controllers\ProductoController->index()
 4 SYSTEMPATH\CodeIgniter.php(502): CodeIgniter\CodeIgniter->runController(Object(App\Controllers\ProductoController))
 5 SYSTEMPATH\CodeIgniter.php(361): CodeIgniter\CodeIgniter->handleRequest(null, Object(Config\Cache), false)
 6 FCPATH\index.php(79): CodeIgniter\CodeIgniter->run()
 7 SYSTEMPATH\Commands\Server\rewrite.php(47): require_once('C:\\Users\\famua\\OneDrive\\Escritorio\\Carlos TEC\\Fundamentos de BD\\Codeigniter\\Tienda_BD\\public\\index.php')
