ERROR - 2023-12-09 17:36:16 --> mysqli_sql_exception: Cannot add or update a child row: a foreign key constraint fails (`tienda`.`productos`, CONSTRAINT `fk_categoria` FOREIGN KEY (`categoria_id`) REFERENCES `categorias` (`id`)) in C:\Users\famua\OneDrive\Escritorio\Carlos TEC\Fundamentos de BD\Codeigniter\Tienda_BD\system\Database\MySQLi\Connection.php:306
Stack trace:
#0 C:\Users\famua\OneDrive\Escritorio\Carlos TEC\Fundamentos de BD\Codeigniter\Tienda_BD\system\Database\MySQLi\Connection.php(306): mysqli->query('INSERT INTO `pr...', 0)
#1 C:\Users\famua\OneDrive\Escritorio\Carlos TEC\Fundamentos de BD\Codeigniter\Tienda_BD\system\Database\BaseConnection.php(693): CodeIgniter\Database\MySQLi\Connection->execute('INSERT INTO `pr...')
#2 C:\Users\famua\OneDrive\Escritorio\Carlos TEC\Fundamentos de BD\Codeigniter\Tienda_BD\system\Database\BaseConnection.php(607): CodeIgniter\Database\BaseConnection->simpleQuery('INSERT INTO `pr...')
#3 C:\Users\famua\OneDrive\Escritorio\Carlos TEC\Fundamentos de BD\Codeigniter\Tienda_BD\system\Database\BaseBuilder.php(2308): CodeIgniter\Database\BaseConnection->query('INSERT INTO `pr...', Array, false)
#4 C:\Users\famua\OneDrive\Escritorio\Carlos TEC\Fundamentos de BD\Codeigniter\Tienda_BD\system\Model.php(319): CodeIgniter\Database\BaseBuilder->insert()
#5 C:\Users\famua\OneDrive\Escritorio\Carlos TEC\Fundamentos de BD\Codeigniter\Tienda_BD\system\BaseModel.php(788): CodeIgniter\Model->doInsert(Array)
#6 C:\Users\famua\OneDrive\Escritorio\Carlos TEC\Fundamentos de BD\Codeigniter\Tienda_BD\system\Model.php(715): CodeIgniter\BaseModel->insert(Array, true)
#7 C:\Users\famua\OneDrive\Escritorio\Carlos TEC\Fundamentos de BD\Codeigniter\Tienda_BD\app\Controllers\ProductoController.php(50): CodeIgniter\Model->insert(Array)
#8 C:\Users\famua\OneDrive\Escritorio\Carlos TEC\Fundamentos de BD\Codeigniter\Tienda_BD\system\CodeIgniter.php(942): App\Controllers\ProductoController->store()
#9 C:\Users\famua\OneDrive\Escritorio\Carlos TEC\Fundamentos de BD\Codeigniter\Tienda_BD\system\CodeIgniter.php(502): CodeIgniter\CodeIgniter->runController(Object(App\Controllers\ProductoController))
#10 C:\Users\famua\OneDrive\Escritorio\Carlos TEC\Fundamentos de BD\Codeigniter\Tienda_BD\system\CodeIgniter.php(361): CodeIgniter\CodeIgniter->handleRequest(NULL, Object(Config\Cache), false)
#11 C:\Users\famua\OneDrive\Escritorio\Carlos TEC\Fundamentos de BD\Codeigniter\Tienda_BD\public\index.php(79): CodeIgniter\CodeIgniter->run()
#12 C:\Users\famua\OneDrive\Escritorio\Carlos TEC\Fundamentos de BD\Codeigniter\Tienda_BD\system\Commands\Server\rewrite.php(47): require_once('C:\\Users\\famua\\...')
#13 {main}
CRITICAL - 2023-12-09 17:36:16 --> Cannot add or update a child row: a foreign key constraint fails (`tienda`.`productos`, CONSTRAINT `fk_categoria` FOREIGN KEY (`categoria_id`) REFERENCES `categorias` (`id`))
in SYSTEMPATH\Database\BaseConnection.php on line 647.
 1 SYSTEMPATH\Database\BaseBuilder.php(2308): CodeIgniter\Database\BaseConnection->query('INSERT INTO `productos` (`sku`, `nombre_producto`, `nombre_corto`, `descripcion`, `imagen`, `precio_venta`, `precio_compra`, `created_at`, `updated_at`) VALUES (:sku:, :nombre_producto:, :nombre_corto:, :descripcion:, :imagen:, :precio_venta:, :precio_compra:, :created_at:, :updated_at:)', [...], false)
 2 SYSTEMPATH\Model.php(319): CodeIgniter\Database\BaseBuilder->insert()
 3 SYSTEMPATH\BaseModel.php(788): CodeIgniter\Model->doInsert([...])
 4 SYSTEMPATH\Model.php(715): CodeIgniter\BaseModel->insert([...], true)
 5 APPPATH\Controllers\ProductoController.php(50): CodeIgniter\Model->insert([...])
 6 SYSTEMPATH\CodeIgniter.php(942): App\Controllers\ProductoController->store()
 7 SYSTEMPATH\CodeIgniter.php(502): CodeIgniter\CodeIgniter->runController(Object(App\Controllers\ProductoController))
 8 SYSTEMPATH\CodeIgniter.php(361): CodeIgniter\CodeIgniter->handleRequest(null, Object(Config\Cache), false)
 9 FCPATH\index.php(79): CodeIgniter\CodeIgniter->run()
10 SYSTEMPATH\Commands\Server\rewrite.php(47): require_once('C:\\Users\\famua\\OneDrive\\Escritorio\\Carlos TEC\\Fundamentos de BD\\Codeigniter\\Tienda_BD\\public\\index.php')
ERROR - 2023-12-09 17:37:16 --> mysqli_sql_exception: Cannot add or update a child row: a foreign key constraint fails (`tienda`.`productos`, CONSTRAINT `fk_categoria` FOREIGN KEY (`categoria_id`) REFERENCES `categorias` (`id`)) in C:\Users\famua\OneDrive\Escritorio\Carlos TEC\Fundamentos de BD\Codeigniter\Tienda_BD\system\Database\MySQLi\Connection.php:306
Stack trace:
#0 C:\Users\famua\OneDrive\Escritorio\Carlos TEC\Fundamentos de BD\Codeigniter\Tienda_BD\system\Database\MySQLi\Connection.php(306): mysqli->query('INSERT INTO `pr...', 0)
#1 C:\Users\famua\OneDrive\Escritorio\Carlos TEC\Fundamentos de BD\Codeigniter\Tienda_BD\system\Database\BaseConnection.php(693): CodeIgniter\Database\MySQLi\Connection->execute('INSERT INTO `pr...')
#2 C:\Users\famua\OneDrive\Escritorio\Carlos TEC\Fundamentos de BD\Codeigniter\Tienda_BD\system\Database\BaseConnection.php(607): CodeIgniter\Database\BaseConnection->simpleQuery('INSERT INTO `pr...')
#3 C:\Users\famua\OneDrive\Escritorio\Carlos TEC\Fundamentos de BD\Codeigniter\Tienda_BD\system\Database\BaseBuilder.php(2308): CodeIgniter\Database\BaseConnection->query('INSERT INTO `pr...', Array, false)
#4 C:\Users\famua\OneDrive\Escritorio\Carlos TEC\Fundamentos de BD\Codeigniter\Tienda_BD\system\Model.php(319): CodeIgniter\Database\BaseBuilder->insert()
#5 C:\Users\famua\OneDrive\Escritorio\Carlos TEC\Fundamentos de BD\Codeigniter\Tienda_BD\system\BaseModel.php(788): CodeIgniter\Model->doInsert(Array)
#6 C:\Users\famua\OneDrive\Escritorio\Carlos TEC\Fundamentos de BD\Codeigniter\Tienda_BD\system\Model.php(715): CodeIgniter\BaseModel->insert(Array, true)
#7 C:\Users\famua\OneDrive\Escritorio\Carlos TEC\Fundamentos de BD\Codeigniter\Tienda_BD\app\Controllers\ProductoController.php(50): CodeIgniter\Model->insert(Array)
#8 C:\Users\famua\OneDrive\Escritorio\Carlos TEC\Fundamentos de BD\Codeigniter\Tienda_BD\system\CodeIgniter.php(942): App\Controllers\ProductoController->store()
#9 C:\Users\famua\OneDrive\Escritorio\Carlos TEC\Fundamentos de BD\Codeigniter\Tienda_BD\system\CodeIgniter.php(502): CodeIgniter\CodeIgniter->runController(Object(App\Controllers\ProductoController))
#10 C:\Users\famua\OneDrive\Escritorio\Carlos TEC\Fundamentos de BD\Codeigniter\Tienda_BD\system\CodeIgniter.php(361): CodeIgniter\CodeIgniter->handleRequest(NULL, Object(Config\Cache), false)
#11 C:\Users\famua\OneDrive\Escritorio\Carlos TEC\Fundamentos de BD\Codeigniter\Tienda_BD\public\index.php(79): CodeIgniter\CodeIgniter->run()
#12 C:\Users\famua\OneDrive\Escritorio\Carlos TEC\Fundamentos de BD\Codeigniter\Tienda_BD\system\Commands\Server\rewrite.php(47): require_once('C:\\Users\\famua\\...')
#13 {main}
CRITICAL - 2023-12-09 17:37:16 --> Cannot add or update a child row: a foreign key constraint fails (`tienda`.`productos`, CONSTRAINT `fk_categoria` FOREIGN KEY (`categoria_id`) REFERENCES `categorias` (`id`))
in SYSTEMPATH\Database\BaseConnection.php on line 647.
 1 SYSTEMPATH\Database\BaseBuilder.php(2308): CodeIgniter\Database\BaseConnection->query('INSERT INTO `productos` (`sku`, `nombre_producto`, `nombre_corto`, `descripcion`, `imagen`, `precio_venta`, `precio_compra`, `created_at`, `updated_at`) VALUES (:sku:, :nombre_producto:, :nombre_corto:, :descripcion:, :imagen:, :precio_venta:, :precio_compra:, :created_at:, :updated_at:)', [...], false)
 2 SYSTEMPATH\Model.php(319): CodeIgniter\Database\BaseBuilder->insert()
 3 SYSTEMPATH\BaseModel.php(788): CodeIgniter\Model->doInsert([...])
 4 SYSTEMPATH\Model.php(715): CodeIgniter\BaseModel->insert([...], true)
 5 APPPATH\Controllers\ProductoController.php(50): CodeIgniter\Model->insert([...])
 6 SYSTEMPATH\CodeIgniter.php(942): App\Controllers\ProductoController->store()
 7 SYSTEMPATH\CodeIgniter.php(502): CodeIgniter\CodeIgniter->runController(Object(App\Controllers\ProductoController))
 8 SYSTEMPATH\CodeIgniter.php(361): CodeIgniter\CodeIgniter->handleRequest(null, Object(Config\Cache), false)
 9 FCPATH\index.php(79): CodeIgniter\CodeIgniter->run()
10 SYSTEMPATH\Commands\Server\rewrite.php(47): require_once('C:\\Users\\famua\\OneDrive\\Escritorio\\Carlos TEC\\Fundamentos de BD\\Codeigniter\\Tienda_BD\\public\\index.php')
ERROR - 2023-12-09 17:38:59 --> mysqli_sql_exception: Cannot add or update a child row: a foreign key constraint fails (`tienda`.`productos`, CONSTRAINT `fk_categoria` FOREIGN KEY (`categoria_id`) REFERENCES `categorias` (`id`)) in C:\Users\famua\OneDrive\Escritorio\Carlos TEC\Fundamentos de BD\Codeigniter\Tienda_BD\system\Database\MySQLi\Connection.php:306
Stack trace:
#0 C:\Users\famua\OneDrive\Escritorio\Carlos TEC\Fundamentos de BD\Codeigniter\Tienda_BD\system\Database\MySQLi\Connection.php(306): mysqli->query('INSERT INTO `pr...', 0)
#1 C:\Users\famua\OneDrive\Escritorio\Carlos TEC\Fundamentos de BD\Codeigniter\Tienda_BD\system\Database\BaseConnection.php(693): CodeIgniter\Database\MySQLi\Connection->execute('INSERT INTO `pr...')
#2 C:\Users\famua\OneDrive\Escritorio\Carlos TEC\Fundamentos de BD\Codeigniter\Tienda_BD\system\Database\BaseConnection.php(607): CodeIgniter\Database\BaseConnection->simpleQuery('INSERT INTO `pr...')
#3 C:\Users\famua\OneDrive\Escritorio\Carlos TEC\Fundamentos de BD\Codeigniter\Tienda_BD\system\Database\BaseBuilder.php(2308): CodeIgniter\Database\BaseConnection->query('INSERT INTO `pr...', Array, false)
#4 C:\Users\famua\OneDrive\Escritorio\Carlos TEC\Fundamentos de BD\Codeigniter\Tienda_BD\system\Model.php(319): CodeIgniter\Database\BaseBuilder->insert()
#5 C:\Users\famua\OneDrive\Escritorio\Carlos TEC\Fundamentos de BD\Codeigniter\Tienda_BD\system\BaseModel.php(788): CodeIgniter\Model->doInsert(Array)
#6 C:\Users\famua\OneDrive\Escritorio\Carlos TEC\Fundamentos de BD\Codeigniter\Tienda_BD\system\Model.php(715): CodeIgniter\BaseModel->insert(Array, true)
#7 C:\Users\famua\OneDrive\Escritorio\Carlos TEC\Fundamentos de BD\Codeigniter\Tienda_BD\app\Controllers\ProductoController.php(50): CodeIgniter\Model->insert(Array)
#8 C:\Users\famua\OneDrive\Escritorio\Carlos TEC\Fundamentos de BD\Codeigniter\Tienda_BD\system\CodeIgniter.php(942): App\Controllers\ProductoController->store()
#9 C:\Users\famua\OneDrive\Escritorio\Carlos TEC\Fundamentos de BD\Codeigniter\Tienda_BD\system\CodeIgniter.php(502): CodeIgniter\CodeIgniter->runController(Object(App\Controllers\ProductoController))
#10 C:\Users\famua\OneDrive\Escritorio\Carlos TEC\Fundamentos de BD\Codeigniter\Tienda_BD\system\CodeIgniter.php(361): CodeIgniter\CodeIgniter->handleRequest(NULL, Object(Config\Cache), false)
#11 C:\Users\famua\OneDrive\Escritorio\Carlos TEC\Fundamentos de BD\Codeigniter\Tienda_BD\public\index.php(79): CodeIgniter\CodeIgniter->run()
#12 C:\Users\famua\OneDrive\Escritorio\Carlos TEC\Fundamentos de BD\Codeigniter\Tienda_BD\system\Commands\Server\rewrite.php(47): require_once('C:\\Users\\famua\\...')
#13 {main}
CRITICAL - 2023-12-09 17:38:59 --> Cannot add or update a child row: a foreign key constraint fails (`tienda`.`productos`, CONSTRAINT `fk_categoria` FOREIGN KEY (`categoria_id`) REFERENCES `categorias` (`id`))
in SYSTEMPATH\Database\BaseConnection.php on line 647.
 1 SYSTEMPATH\Database\BaseBuilder.php(2308): CodeIgniter\Database\BaseConnection->query('INSERT INTO `productos` (`sku`, `nombre_producto`, `nombre_corto`, `descripcion`, `imagen`, `precio_venta`, `precio_compra`, `created_at`, `updated_at`) VALUES (:sku:, :nombre_producto:, :nombre_corto:, :descripcion:, :imagen:, :precio_venta:, :precio_compra:, :created_at:, :updated_at:)', [...], false)
 2 SYSTEMPATH\Model.php(319): CodeIgniter\Database\BaseBuilder->insert()
 3 SYSTEMPATH\BaseModel.php(788): CodeIgniter\Model->doInsert([...])
 4 SYSTEMPATH\Model.php(715): CodeIgniter\BaseModel->insert([...], true)
 5 APPPATH\Controllers\ProductoController.php(50): CodeIgniter\Model->insert([...])
 6 SYSTEMPATH\CodeIgniter.php(942): App\Controllers\ProductoController->store()
 7 SYSTEMPATH\CodeIgniter.php(502): CodeIgniter\CodeIgniter->runController(Object(App\Controllers\ProductoController))
 8 SYSTEMPATH\CodeIgniter.php(361): CodeIgniter\CodeIgniter->handleRequest(null, Object(Config\Cache), false)
 9 FCPATH\index.php(79): CodeIgniter\CodeIgniter->run()
10 SYSTEMPATH\Commands\Server\rewrite.php(47): require_once('C:\\Users\\famua\\OneDrive\\Escritorio\\Carlos TEC\\Fundamentos de BD\\Codeigniter\\Tienda_BD\\public\\index.php')
ERROR - 2023-12-09 17:42:17 --> mysqli_sql_exception: Cannot add or update a child row: a foreign key constraint fails (`tienda`.`productos`, CONSTRAINT `fk_categoria` FOREIGN KEY (`categoria_id`) REFERENCES `categorias` (`id`)) in C:\Users\famua\OneDrive\Escritorio\Carlos TEC\Fundamentos de BD\Codeigniter\Tienda_BD\system\Database\MySQLi\Connection.php:306
Stack trace:
#0 C:\Users\famua\OneDrive\Escritorio\Carlos TEC\Fundamentos de BD\Codeigniter\Tienda_BD\system\Database\MySQLi\Connection.php(306): mysqli->query('INSERT INTO `pr...', 0)
#1 C:\Users\famua\OneDrive\Escritorio\Carlos TEC\Fundamentos de BD\Codeigniter\Tienda_BD\system\Database\BaseConnection.php(693): CodeIgniter\Database\MySQLi\Connection->execute('INSERT INTO `pr...')
#2 C:\Users\famua\OneDrive\Escritorio\Carlos TEC\Fundamentos de BD\Codeigniter\Tienda_BD\system\Database\BaseConnection.php(607): CodeIgniter\Database\BaseConnection->simpleQuery('INSERT INTO `pr...')
#3 C:\Users\famua\OneDrive\Escritorio\Carlos TEC\Fundamentos de BD\Codeigniter\Tienda_BD\system\Database\BaseBuilder.php(2308): CodeIgniter\Database\BaseConnection->query('INSERT INTO `pr...', Array, false)
#4 C:\Users\famua\OneDrive\Escritorio\Carlos TEC\Fundamentos de BD\Codeigniter\Tienda_BD\system\Model.php(319): CodeIgniter\Database\BaseBuilder->insert()
#5 C:\Users\famua\OneDrive\Escritorio\Carlos TEC\Fundamentos de BD\Codeigniter\Tienda_BD\system\BaseModel.php(788): CodeIgniter\Model->doInsert(Array)
#6 C:\Users\famua\OneDrive\Escritorio\Carlos TEC\Fundamentos de BD\Codeigniter\Tienda_BD\system\Model.php(715): CodeIgniter\BaseModel->insert(Array, true)
#7 C:\Users\famua\OneDrive\Escritorio\Carlos TEC\Fundamentos de BD\Codeigniter\Tienda_BD\app\Controllers\ProductoController.php(50): CodeIgniter\Model->insert(Array)
#8 C:\Users\famua\OneDrive\Escritorio\Carlos TEC\Fundamentos de BD\Codeigniter\Tienda_BD\system\CodeIgniter.php(942): App\Controllers\ProductoController->store()
#9 C:\Users\famua\OneDrive\Escritorio\Carlos TEC\Fundamentos de BD\Codeigniter\Tienda_BD\system\CodeIgniter.php(502): CodeIgniter\CodeIgniter->runController(Object(App\Controllers\ProductoController))
#10 C:\Users\famua\OneDrive\Escritorio\Carlos TEC\Fundamentos de BD\Codeigniter\Tienda_BD\system\CodeIgniter.php(361): CodeIgniter\CodeIgniter->handleRequest(NULL, Object(Config\Cache), false)
#11 C:\Users\famua\OneDrive\Escritorio\Carlos TEC\Fundamentos de BD\Codeigniter\Tienda_BD\public\index.php(79): CodeIgniter\CodeIgniter->run()
#12 C:\Users\famua\OneDrive\Escritorio\Carlos TEC\Fundamentos de BD\Codeigniter\Tienda_BD\system\Commands\Server\rewrite.php(47): require_once('C:\\Users\\famua\\...')
#13 {main}
CRITICAL - 2023-12-09 17:42:17 --> Cannot add or update a child row: a foreign key constraint fails (`tienda`.`productos`, CONSTRAINT `fk_categoria` FOREIGN KEY (`categoria_id`) REFERENCES `categorias` (`id`))
in SYSTEMPATH\Database\BaseConnection.php on line 647.
 1 SYSTEMPATH\Database\BaseBuilder.php(2308): CodeIgniter\Database\BaseConnection->query('INSERT INTO `productos` (`sku`, `nombre_producto`, `nombre_corto`, `descripcion`, `imagen`, `precio_venta`, `precio_compra`, `created_at`, `updated_at`) VALUES (:sku:, :nombre_producto:, :nombre_corto:, :descripcion:, :imagen:, :precio_venta:, :precio_compra:, :created_at:, :updated_at:)', [...], false)
 2 SYSTEMPATH\Model.php(319): CodeIgniter\Database\BaseBuilder->insert()
 3 SYSTEMPATH\BaseModel.php(788): CodeIgniter\Model->doInsert([...])
 4 SYSTEMPATH\Model.php(715): CodeIgniter\BaseModel->insert([...], true)
 5 APPPATH\Controllers\ProductoController.php(50): CodeIgniter\Model->insert([...])
 6 SYSTEMPATH\CodeIgniter.php(942): App\Controllers\ProductoController->store()
 7 SYSTEMPATH\CodeIgniter.php(502): CodeIgniter\CodeIgniter->runController(Object(App\Controllers\ProductoController))
 8 SYSTEMPATH\CodeIgniter.php(361): CodeIgniter\CodeIgniter->handleRequest(null, Object(Config\Cache), false)
 9 FCPATH\index.php(79): CodeIgniter\CodeIgniter->run()
10 SYSTEMPATH\Commands\Server\rewrite.php(47): require_once('C:\\Users\\famua\\OneDrive\\Escritorio\\Carlos TEC\\Fundamentos de BD\\Codeigniter\\Tienda_BD\\public\\index.php')
ERROR - 2023-12-09 17:43:48 --> mysqli_sql_exception: Cannot add or update a child row: a foreign key constraint fails (`tienda`.`productos`, CONSTRAINT `fk_categoria` FOREIGN KEY (`categoria_id`) REFERENCES `categorias` (`id`)) in C:\Users\famua\OneDrive\Escritorio\Carlos TEC\Fundamentos de BD\Codeigniter\Tienda_BD\system\Database\MySQLi\Connection.php:306
Stack trace:
#0 C:\Users\famua\OneDrive\Escritorio\Carlos TEC\Fundamentos de BD\Codeigniter\Tienda_BD\system\Database\MySQLi\Connection.php(306): mysqli->query('INSERT INTO `pr...', 0)
#1 C:\Users\famua\OneDrive\Escritorio\Carlos TEC\Fundamentos de BD\Codeigniter\Tienda_BD\system\Database\BaseConnection.php(693): CodeIgniter\Database\MySQLi\Connection->execute('INSERT INTO `pr...')
#2 C:\Users\famua\OneDrive\Escritorio\Carlos TEC\Fundamentos de BD\Codeigniter\Tienda_BD\system\Database\BaseConnection.php(607): CodeIgniter\Database\BaseConnection->simpleQuery('INSERT INTO `pr...')
#3 C:\Users\famua\OneDrive\Escritorio\Carlos TEC\Fundamentos de BD\Codeigniter\Tienda_BD\system\Database\BaseBuilder.php(2308): CodeIgniter\Database\BaseConnection->query('INSERT INTO `pr...', Array, false)
#4 C:\Users\famua\OneDrive\Escritorio\Carlos TEC\Fundamentos de BD\Codeigniter\Tienda_BD\system\Model.php(319): CodeIgniter\Database\BaseBuilder->insert()
#5 C:\Users\famua\OneDrive\Escritorio\Carlos TEC\Fundamentos de BD\Codeigniter\Tienda_BD\system\BaseModel.php(788): CodeIgniter\Model->doInsert(Array)
#6 C:\Users\famua\OneDrive\Escritorio\Carlos TEC\Fundamentos de BD\Codeigniter\Tienda_BD\system\Model.php(715): CodeIgniter\BaseModel->insert(Array, true)
#7 C:\Users\famua\OneDrive\Escritorio\Carlos TEC\Fundamentos de BD\Codeigniter\Tienda_BD\app\Controllers\ProductoController.php(50): CodeIgniter\Model->insert(Array)
#8 C:\Users\famua\OneDrive\Escritorio\Carlos TEC\Fundamentos de BD\Codeigniter\Tienda_BD\system\CodeIgniter.php(942): App\Controllers\ProductoController->store()
#9 C:\Users\famua\OneDrive\Escritorio\Carlos TEC\Fundamentos de BD\Codeigniter\Tienda_BD\system\CodeIgniter.php(502): CodeIgniter\CodeIgniter->runController(Object(App\Controllers\ProductoController))
#10 C:\Users\famua\OneDrive\Escritorio\Carlos TEC\Fundamentos de BD\Codeigniter\Tienda_BD\system\CodeIgniter.php(361): CodeIgniter\CodeIgniter->handleRequest(NULL, Object(Config\Cache), false)
#11 C:\Users\famua\OneDrive\Escritorio\Carlos TEC\Fundamentos de BD\Codeigniter\Tienda_BD\public\index.php(79): CodeIgniter\CodeIgniter->run()
#12 C:\Users\famua\OneDrive\Escritorio\Carlos TEC\Fundamentos de BD\Codeigniter\Tienda_BD\system\Commands\Server\rewrite.php(47): require_once('C:\\Users\\famua\\...')
#13 {main}
CRITICAL - 2023-12-09 17:43:48 --> Cannot add or update a child row: a foreign key constraint fails (`tienda`.`productos`, CONSTRAINT `fk_categoria` FOREIGN KEY (`categoria_id`) REFERENCES `categorias` (`id`))
in SYSTEMPATH\Database\BaseConnection.php on line 647.
 1 SYSTEMPATH\Database\BaseBuilder.php(2308): CodeIgniter\Database\BaseConnection->query('INSERT INTO `productos` (`sku`, `nombre_producto`, `nombre_corto`, `descripcion`, `imagen`, `precio_venta`, `precio_compra`, `created_at`, `updated_at`) VALUES (:sku:, :nombre_producto:, :nombre_corto:, :descripcion:, :imagen:, :precio_venta:, :precio_compra:, :created_at:, :updated_at:)', [...], false)
 2 SYSTEMPATH\Model.php(319): CodeIgniter\Database\BaseBuilder->insert()
 3 SYSTEMPATH\BaseModel.php(788): CodeIgniter\Model->doInsert([...])
 4 SYSTEMPATH\Model.php(715): CodeIgniter\BaseModel->insert([...], true)
 5 APPPATH\Controllers\ProductoController.php(50): CodeIgniter\Model->insert([...])
 6 SYSTEMPATH\CodeIgniter.php(942): App\Controllers\ProductoController->store()
 7 SYSTEMPATH\CodeIgniter.php(502): CodeIgniter\CodeIgniter->runController(Object(App\Controllers\ProductoController))
 8 SYSTEMPATH\CodeIgniter.php(361): CodeIgniter\CodeIgniter->handleRequest(null, Object(Config\Cache), false)
 9 FCPATH\index.php(79): CodeIgniter\CodeIgniter->run()
10 SYSTEMPATH\Commands\Server\rewrite.php(47): require_once('C:\\Users\\famua\\OneDrive\\Escritorio\\Carlos TEC\\Fundamentos de BD\\Codeigniter\\Tienda_BD\\public\\index.php')
CRITICAL - 2023-12-09 17:49:39 --> syntax error, unexpected token "<"
in APPPATH\Views\productos\index.php on line 37.
 1 SYSTEMPATH\View\View.php(231): CodeIgniter\View\View->CodeIgniter\View\{closure}()
 2 SYSTEMPATH\Common.php(1190): CodeIgniter\View\View->render('productos/index', [], true)
 3 APPPATH\Controllers\ProductoController.php(28): view('productos/index', [...])
 4 SYSTEMPATH\CodeIgniter.php(942): App\Controllers\ProductoController->index()
 5 SYSTEMPATH\CodeIgniter.php(502): CodeIgniter\CodeIgniter->runController(Object(App\Controllers\ProductoController))
 6 SYSTEMPATH\CodeIgniter.php(361): CodeIgniter\CodeIgniter->handleRequest(null, Object(Config\Cache), false)
 7 FCPATH\index.php(79): CodeIgniter\CodeIgniter->run()
 8 SYSTEMPATH\Commands\Server\rewrite.php(47): require_once('C:\\Users\\famua\\OneDrive\\Escritorio\\Carlos TEC\\Fundamentos de BD\\Codeigniter\\Tienda_BD\\public\\index.php')
CRITICAL - 2023-12-09 17:50:05 --> syntax error, unexpected string content "precio_compra] ?></td>", expecting "]"
in APPPATH\Views\productos\index.php on line 37.
 1 SYSTEMPATH\View\View.php(231): CodeIgniter\View\View->CodeIgniter\View\{closure}()
 2 SYSTEMPATH\Common.php(1190): CodeIgniter\View\View->render('productos/index', [], true)
 3 APPPATH\Controllers\ProductoController.php(28): view('productos/index', [...])
 4 SYSTEMPATH\CodeIgniter.php(942): App\Controllers\ProductoController->index()
 5 SYSTEMPATH\CodeIgniter.php(502): CodeIgniter\CodeIgniter->runController(Object(App\Controllers\ProductoController))
 6 SYSTEMPATH\CodeIgniter.php(361): CodeIgniter\CodeIgniter->handleRequest(null, Object(Config\Cache), false)
 7 FCPATH\index.php(79): CodeIgniter\CodeIgniter->run()
 8 SYSTEMPATH\Commands\Server\rewrite.php(47): require_once('C:\\Users\\famua\\OneDrive\\Escritorio\\Carlos TEC\\Fundamentos de BD\\Codeigniter\\Tienda_BD\\public\\index.php')
ERROR - 2023-12-09 17:52:45 --> mysqli_sql_exception: Cannot add or update a child row: a foreign key constraint fails (`tienda`.`productos`, CONSTRAINT `fk_categoria` FOREIGN KEY (`categoria_id`) REFERENCES `categorias` (`id`)) in C:\Users\famua\OneDrive\Escritorio\Carlos TEC\Fundamentos de BD\Codeigniter\Tienda_BD\system\Database\MySQLi\Connection.php:306
Stack trace:
#0 C:\Users\famua\OneDrive\Escritorio\Carlos TEC\Fundamentos de BD\Codeigniter\Tienda_BD\system\Database\MySQLi\Connection.php(306): mysqli->query('INSERT INTO `pr...', 0)
#1 C:\Users\famua\OneDrive\Escritorio\Carlos TEC\Fundamentos de BD\Codeigniter\Tienda_BD\system\Database\BaseConnection.php(693): CodeIgniter\Database\MySQLi\Connection->execute('INSERT INTO `pr...')
#2 C:\Users\famua\OneDrive\Escritorio\Carlos TEC\Fundamentos de BD\Codeigniter\Tienda_BD\system\Database\BaseConnection.php(607): CodeIgniter\Database\BaseConnection->simpleQuery('INSERT INTO `pr...')
#3 C:\Users\famua\OneDrive\Escritorio\Carlos TEC\Fundamentos de BD\Codeigniter\Tienda_BD\system\Database\BaseBuilder.php(2308): CodeIgniter\Database\BaseConnection->query('INSERT INTO `pr...', Array, false)
#4 C:\Users\famua\OneDrive\Escritorio\Carlos TEC\Fundamentos de BD\Codeigniter\Tienda_BD\system\Model.php(319): CodeIgniter\Database\BaseBuilder->insert()
#5 C:\Users\famua\OneDrive\Escritorio\Carlos TEC\Fundamentos de BD\Codeigniter\Tienda_BD\system\BaseModel.php(788): CodeIgniter\Model->doInsert(Array)
#6 C:\Users\famua\OneDrive\Escritorio\Carlos TEC\Fundamentos de BD\Codeigniter\Tienda_BD\system\Model.php(715): CodeIgniter\BaseModel->insert(Array, true)
#7 C:\Users\famua\OneDrive\Escritorio\Carlos TEC\Fundamentos de BD\Codeigniter\Tienda_BD\app\Controllers\ProductoController.php(50): CodeIgniter\Model->insert(Array)
#8 C:\Users\famua\OneDrive\Escritorio\Carlos TEC\Fundamentos de BD\Codeigniter\Tienda_BD\system\CodeIgniter.php(942): App\Controllers\ProductoController->store()
#9 C:\Users\famua\OneDrive\Escritorio\Carlos TEC\Fundamentos de BD\Codeigniter\Tienda_BD\system\CodeIgniter.php(502): CodeIgniter\CodeIgniter->runController(Object(App\Controllers\ProductoController))
#10 C:\Users\famua\OneDrive\Escritorio\Carlos TEC\Fundamentos de BD\Codeigniter\Tienda_BD\system\CodeIgniter.php(361): CodeIgniter\CodeIgniter->handleRequest(NULL, Object(Config\Cache), false)
#11 C:\Users\famua\OneDrive\Escritorio\Carlos TEC\Fundamentos de BD\Codeigniter\Tienda_BD\public\index.php(79): CodeIgniter\CodeIgniter->run()
#12 C:\Users\famua\OneDrive\Escritorio\Carlos TEC\Fundamentos de BD\Codeigniter\Tienda_BD\system\Commands\Server\rewrite.php(47): require_once('C:\\Users\\famua\\...')
#13 {main}
CRITICAL - 2023-12-09 17:52:45 --> Cannot add or update a child row: a foreign key constraint fails (`tienda`.`productos`, CONSTRAINT `fk_categoria` FOREIGN KEY (`categoria_id`) REFERENCES `categorias` (`id`))
in SYSTEMPATH\Database\BaseConnection.php on line 647.
 1 SYSTEMPATH\Database\BaseBuilder.php(2308): CodeIgniter\Database\BaseConnection->query('INSERT INTO `productos` (`sku`, `nombre_producto`, `nombre_corto`, `descripcion`, `imagen`, `precio_venta`, `precio_compra`, `created_at`, `updated_at`) VALUES (:sku:, :nombre_producto:, :nombre_corto:, :descripcion:, :imagen:, :precio_venta:, :precio_compra:, :created_at:, :updated_at:)', [...], false)
 2 SYSTEMPATH\Model.php(319): CodeIgniter\Database\BaseBuilder->insert()
 3 SYSTEMPATH\BaseModel.php(788): CodeIgniter\Model->doInsert([...])
 4 SYSTEMPATH\Model.php(715): CodeIgniter\BaseModel->insert([...], true)
 5 APPPATH\Controllers\ProductoController.php(50): CodeIgniter\Model->insert([...])
 6 SYSTEMPATH\CodeIgniter.php(942): App\Controllers\ProductoController->store()
 7 SYSTEMPATH\CodeIgniter.php(502): CodeIgniter\CodeIgniter->runController(Object(App\Controllers\ProductoController))
 8 SYSTEMPATH\CodeIgniter.php(361): CodeIgniter\CodeIgniter->handleRequest(null, Object(Config\Cache), false)
 9 FCPATH\index.php(79): CodeIgniter\CodeIgniter->run()
10 SYSTEMPATH\Commands\Server\rewrite.php(47): require_once('C:\\Users\\famua\\OneDrive\\Escritorio\\Carlos TEC\\Fundamentos de BD\\Codeigniter\\Tienda_BD\\public\\index.php')
ERROR - 2023-12-09 22:07:13 --> mysqli_sql_exception: Cannot add or update a child row: a foreign key constraint fails (`tienda`.`productos`, CONSTRAINT `fk_categoria` FOREIGN KEY (`categoria_id`) REFERENCES `categorias` (`id`)) in C:\Users\famua\OneDrive\Escritorio\Carlos TEC\Fundamentos de BD\Codeigniter\Tienda_BD\system\Database\MySQLi\Connection.php:306
Stack trace:
#0 C:\Users\famua\OneDrive\Escritorio\Carlos TEC\Fundamentos de BD\Codeigniter\Tienda_BD\system\Database\MySQLi\Connection.php(306): mysqli->query('INSERT INTO `pr...', 0)
#1 C:\Users\famua\OneDrive\Escritorio\Carlos TEC\Fundamentos de BD\Codeigniter\Tienda_BD\system\Database\BaseConnection.php(693): CodeIgniter\Database\MySQLi\Connection->execute('INSERT INTO `pr...')
#2 C:\Users\famua\OneDrive\Escritorio\Carlos TEC\Fundamentos de BD\Codeigniter\Tienda_BD\system\Database\BaseConnection.php(607): CodeIgniter\Database\BaseConnection->simpleQuery('INSERT INTO `pr...')
#3 C:\Users\famua\OneDrive\Escritorio\Carlos TEC\Fundamentos de BD\Codeigniter\Tienda_BD\system\Database\BaseBuilder.php(2308): CodeIgniter\Database\BaseConnection->query('INSERT INTO `pr...', Array, false)
#4 C:\Users\famua\OneDrive\Escritorio\Carlos TEC\Fundamentos de BD\Codeigniter\Tienda_BD\system\Model.php(319): CodeIgniter\Database\BaseBuilder->insert()
#5 C:\Users\famua\OneDrive\Escritorio\Carlos TEC\Fundamentos de BD\Codeigniter\Tienda_BD\system\BaseModel.php(788): CodeIgniter\Model->doInsert(Array)
#6 C:\Users\famua\OneDrive\Escritorio\Carlos TEC\Fundamentos de BD\Codeigniter\Tienda_BD\system\Model.php(715): CodeIgniter\BaseModel->insert(Array, true)
#7 C:\Users\famua\OneDrive\Escritorio\Carlos TEC\Fundamentos de BD\Codeigniter\Tienda_BD\app\Controllers\ProductoController.php(50): CodeIgniter\Model->insert(Array)
#8 C:\Users\famua\OneDrive\Escritorio\Carlos TEC\Fundamentos de BD\Codeigniter\Tienda_BD\system\CodeIgniter.php(942): App\Controllers\ProductoController->store()
#9 C:\Users\famua\OneDrive\Escritorio\Carlos TEC\Fundamentos de BD\Codeigniter\Tienda_BD\system\CodeIgniter.php(502): CodeIgniter\CodeIgniter->runController(Object(App\Controllers\ProductoController))
#10 C:\Users\famua\OneDrive\Escritorio\Carlos TEC\Fundamentos de BD\Codeigniter\Tienda_BD\system\CodeIgniter.php(361): CodeIgniter\CodeIgniter->handleRequest(NULL, Object(Config\Cache), false)
#11 C:\Users\famua\OneDrive\Escritorio\Carlos TEC\Fundamentos de BD\Codeigniter\Tienda_BD\public\index.php(79): CodeIgniter\CodeIgniter->run()
#12 C:\Users\famua\OneDrive\Escritorio\Carlos TEC\Fundamentos de BD\Codeigniter\Tienda_BD\system\Commands\Server\rewrite.php(47): require_once('C:\\Users\\famua\\...')
#13 {main}
CRITICAL - 2023-12-09 22:07:13 --> Cannot add or update a child row: a foreign key constraint fails (`tienda`.`productos`, CONSTRAINT `fk_categoria` FOREIGN KEY (`categoria_id`) REFERENCES `categorias` (`id`))
in SYSTEMPATH\Database\BaseConnection.php on line 647.
 1 SYSTEMPATH\Database\BaseBuilder.php(2308): CodeIgniter\Database\BaseConnection->query('INSERT INTO `productos` (`sku`, `nombre_producto`, `nombre_corto`, `descripcion`, `imagen`, `precio_venta`, `precio_compra`, `created_at`, `updated_at`) VALUES (:sku:, :nombre_producto:, :nombre_corto:, :descripcion:, :imagen:, :precio_venta:, :precio_compra:, :created_at:, :updated_at:)', [...], false)
 2 SYSTEMPATH\Model.php(319): CodeIgniter\Database\BaseBuilder->insert()
 3 SYSTEMPATH\BaseModel.php(788): CodeIgniter\Model->doInsert([...])
 4 SYSTEMPATH\Model.php(715): CodeIgniter\BaseModel->insert([...], true)
 5 APPPATH\Controllers\ProductoController.php(50): CodeIgniter\Model->insert([...])
 6 SYSTEMPATH\CodeIgniter.php(942): App\Controllers\ProductoController->store()
 7 SYSTEMPATH\CodeIgniter.php(502): CodeIgniter\CodeIgniter->runController(Object(App\Controllers\ProductoController))
 8 SYSTEMPATH\CodeIgniter.php(361): CodeIgniter\CodeIgniter->handleRequest(null, Object(Config\Cache), false)
 9 FCPATH\index.php(79): CodeIgniter\CodeIgniter->run()
10 SYSTEMPATH\Commands\Server\rewrite.php(47): require_once('C:\\Users\\famua\\OneDrive\\Escritorio\\Carlos TEC\\Fundamentos de BD\\Codeigniter\\Tienda_BD\\public\\index.php')
ERROR - 2023-12-09 22:24:09 --> mysqli_sql_exception: Cannot add or update a child row: a foreign key constraint fails (`tienda`.`productos`, CONSTRAINT `fk_categoria` FOREIGN KEY (`categoria_id`) REFERENCES `categorias` (`id`)) in C:\Users\famua\OneDrive\Escritorio\Carlos TEC\Fundamentos de BD\Codeigniter\Tienda_BD\system\Database\MySQLi\Connection.php:306
Stack trace:
#0 C:\Users\famua\OneDrive\Escritorio\Carlos TEC\Fundamentos de BD\Codeigniter\Tienda_BD\system\Database\MySQLi\Connection.php(306): mysqli->query('INSERT INTO `pr...', 0)
#1 C:\Users\famua\OneDrive\Escritorio\Carlos TEC\Fundamentos de BD\Codeigniter\Tienda_BD\system\Database\BaseConnection.php(693): CodeIgniter\Database\MySQLi\Connection->execute('INSERT INTO `pr...')
#2 C:\Users\famua\OneDrive\Escritorio\Carlos TEC\Fundamentos de BD\Codeigniter\Tienda_BD\system\Database\BaseConnection.php(607): CodeIgniter\Database\BaseConnection->simpleQuery('INSERT INTO `pr...')
#3 C:\Users\famua\OneDrive\Escritorio\Carlos TEC\Fundamentos de BD\Codeigniter\Tienda_BD\system\Database\BaseBuilder.php(2308): CodeIgniter\Database\BaseConnection->query('INSERT INTO `pr...', Array, false)
#4 C:\Users\famua\OneDrive\Escritorio\Carlos TEC\Fundamentos de BD\Codeigniter\Tienda_BD\system\Model.php(319): CodeIgniter\Database\BaseBuilder->insert()
#5 C:\Users\famua\OneDrive\Escritorio\Carlos TEC\Fundamentos de BD\Codeigniter\Tienda_BD\system\BaseModel.php(788): CodeIgniter\Model->doInsert(Array)
#6 C:\Users\famua\OneDrive\Escritorio\Carlos TEC\Fundamentos de BD\Codeigniter\Tienda_BD\system\Model.php(715): CodeIgniter\BaseModel->insert(Array, true)
#7 C:\Users\famua\OneDrive\Escritorio\Carlos TEC\Fundamentos de BD\Codeigniter\Tienda_BD\app\Controllers\ProductoController.php(50): CodeIgniter\Model->insert(Array)
#8 C:\Users\famua\OneDrive\Escritorio\Carlos TEC\Fundamentos de BD\Codeigniter\Tienda_BD\system\CodeIgniter.php(942): App\Controllers\ProductoController->store()
#9 C:\Users\famua\OneDrive\Escritorio\Carlos TEC\Fundamentos de BD\Codeigniter\Tienda_BD\system\CodeIgniter.php(502): CodeIgniter\CodeIgniter->runController(Object(App\Controllers\ProductoController))
#10 C:\Users\famua\OneDrive\Escritorio\Carlos TEC\Fundamentos de BD\Codeigniter\Tienda_BD\system\CodeIgniter.php(361): CodeIgniter\CodeIgniter->handleRequest(NULL, Object(Config\Cache), false)
#11 C:\Users\famua\OneDrive\Escritorio\Carlos TEC\Fundamentos de BD\Codeigniter\Tienda_BD\public\index.php(79): CodeIgniter\CodeIgniter->run()
#12 C:\Users\famua\OneDrive\Escritorio\Carlos TEC\Fundamentos de BD\Codeigniter\Tienda_BD\system\Commands\Server\rewrite.php(47): require_once('C:\\Users\\famua\\...')
#13 {main}
CRITICAL - 2023-12-09 22:24:09 --> Cannot add or update a child row: a foreign key constraint fails (`tienda`.`productos`, CONSTRAINT `fk_categoria` FOREIGN KEY (`categoria_id`) REFERENCES `categorias` (`id`))
in SYSTEMPATH\Database\BaseConnection.php on line 647.
 1 SYSTEMPATH\Database\BaseBuilder.php(2308): CodeIgniter\Database\BaseConnection->query('INSERT INTO `productos` (`sku`, `nombre_producto`, `nombre_corto`, `descripcion`, `imagen`, `precio_venta`, `precio_compra`, `created_at`, `updated_at`) VALUES (:sku:, :nombre_producto:, :nombre_corto:, :descripcion:, :imagen:, :precio_venta:, :precio_compra:, :created_at:, :updated_at:)', [...], false)
 2 SYSTEMPATH\Model.php(319): CodeIgniter\Database\BaseBuilder->insert()
 3 SYSTEMPATH\BaseModel.php(788): CodeIgniter\Model->doInsert([...])
 4 SYSTEMPATH\Model.php(715): CodeIgniter\BaseModel->insert([...], true)
 5 APPPATH\Controllers\ProductoController.php(50): CodeIgniter\Model->insert([...])
 6 SYSTEMPATH\CodeIgniter.php(942): App\Controllers\ProductoController->store()
 7 SYSTEMPATH\CodeIgniter.php(502): CodeIgniter\CodeIgniter->runController(Object(App\Controllers\ProductoController))
 8 SYSTEMPATH\CodeIgniter.php(361): CodeIgniter\CodeIgniter->handleRequest(null, Object(Config\Cache), false)
 9 FCPATH\index.php(79): CodeIgniter\CodeIgniter->run()
10 SYSTEMPATH\Commands\Server\rewrite.php(47): require_once('C:\\Users\\famua\\OneDrive\\Escritorio\\Carlos TEC\\Fundamentos de BD\\Codeigniter\\Tienda_BD\\public\\index.php')
ERROR - 2023-12-09 22:38:56 --> mysqli_sql_exception: Cannot add or update a child row: a foreign key constraint fails (`tienda`.`productos`, CONSTRAINT `fk_categoria` FOREIGN KEY (`categoria_id`) REFERENCES `categorias` (`id`)) in C:\Users\famua\OneDrive\Escritorio\Carlos TEC\Fundamentos de BD\Codeigniter\Tienda_BD\system\Database\MySQLi\Connection.php:306
Stack trace:
#0 C:\Users\famua\OneDrive\Escritorio\Carlos TEC\Fundamentos de BD\Codeigniter\Tienda_BD\system\Database\MySQLi\Connection.php(306): mysqli->query('INSERT INTO `pr...', 0)
#1 C:\Users\famua\OneDrive\Escritorio\Carlos TEC\Fundamentos de BD\Codeigniter\Tienda_BD\system\Database\BaseConnection.php(693): CodeIgniter\Database\MySQLi\Connection->execute('INSERT INTO `pr...')
#2 C:\Users\famua\OneDrive\Escritorio\Carlos TEC\Fundamentos de BD\Codeigniter\Tienda_BD\system\Database\BaseConnection.php(607): CodeIgniter\Database\BaseConnection->simpleQuery('INSERT INTO `pr...')
#3 C:\Users\famua\OneDrive\Escritorio\Carlos TEC\Fundamentos de BD\Codeigniter\Tienda_BD\system\Database\BaseBuilder.php(2308): CodeIgniter\Database\BaseConnection->query('INSERT INTO `pr...', Array, false)
#4 C:\Users\famua\OneDrive\Escritorio\Carlos TEC\Fundamentos de BD\Codeigniter\Tienda_BD\system\Model.php(319): CodeIgniter\Database\BaseBuilder->insert()
#5 C:\Users\famua\OneDrive\Escritorio\Carlos TEC\Fundamentos de BD\Codeigniter\Tienda_BD\system\BaseModel.php(788): CodeIgniter\Model->doInsert(Array)
#6 C:\Users\famua\OneDrive\Escritorio\Carlos TEC\Fundamentos de BD\Codeigniter\Tienda_BD\system\Model.php(715): CodeIgniter\BaseModel->insert(Array, true)
#7 C:\Users\famua\OneDrive\Escritorio\Carlos TEC\Fundamentos de BD\Codeigniter\Tienda_BD\app\Controllers\ProductoController.php(50): CodeIgniter\Model->insert(Array)
#8 C:\Users\famua\OneDrive\Escritorio\Carlos TEC\Fundamentos de BD\Codeigniter\Tienda_BD\system\CodeIgniter.php(942): App\Controllers\ProductoController->store()
#9 C:\Users\famua\OneDrive\Escritorio\Carlos TEC\Fundamentos de BD\Codeigniter\Tienda_BD\system\CodeIgniter.php(502): CodeIgniter\CodeIgniter->runController(Object(App\Controllers\ProductoController))
#10 C:\Users\famua\OneDrive\Escritorio\Carlos TEC\Fundamentos de BD\Codeigniter\Tienda_BD\system\CodeIgniter.php(361): CodeIgniter\CodeIgniter->handleRequest(NULL, Object(Config\Cache), false)
#11 C:\Users\famua\OneDrive\Escritorio\Carlos TEC\Fundamentos de BD\Codeigniter\Tienda_BD\public\index.php(79): CodeIgniter\CodeIgniter->run()
#12 C:\Users\famua\OneDrive\Escritorio\Carlos TEC\Fundamentos de BD\Codeigniter\Tienda_BD\system\Commands\Server\rewrite.php(47): require_once('C:\\Users\\famua\\...')
#13 {main}
CRITICAL - 2023-12-09 22:38:56 --> Cannot add or update a child row: a foreign key constraint fails (`tienda`.`productos`, CONSTRAINT `fk_categoria` FOREIGN KEY (`categoria_id`) REFERENCES `categorias` (`id`))
in SYSTEMPATH\Database\BaseConnection.php on line 647.
 1 SYSTEMPATH\Database\BaseBuilder.php(2308): CodeIgniter\Database\BaseConnection->query('INSERT INTO `productos` (`sku`, `nombre_producto`, `nombre_corto`, `descripcion`, `imagen`, `precio_venta`, `precio_compra`, `created_at`, `updated_at`) VALUES (:sku:, :nombre_producto:, :nombre_corto:, :descripcion:, :imagen:, :precio_venta:, :precio_compra:, :created_at:, :updated_at:)', [...], false)
 2 SYSTEMPATH\Model.php(319): CodeIgniter\Database\BaseBuilder->insert()
 3 SYSTEMPATH\BaseModel.php(788): CodeIgniter\Model->doInsert([...])
 4 SYSTEMPATH\Model.php(715): CodeIgniter\BaseModel->insert([...], true)
 5 APPPATH\Controllers\ProductoController.php(50): CodeIgniter\Model->insert([...])
 6 SYSTEMPATH\CodeIgniter.php(942): App\Controllers\ProductoController->store()
 7 SYSTEMPATH\CodeIgniter.php(502): CodeIgniter\CodeIgniter->runController(Object(App\Controllers\ProductoController))
 8 SYSTEMPATH\CodeIgniter.php(361): CodeIgniter\CodeIgniter->handleRequest(null, Object(Config\Cache), false)
 9 FCPATH\index.php(79): CodeIgniter\CodeIgniter->run()
10 SYSTEMPATH\Commands\Server\rewrite.php(47): require_once('C:\\Users\\famua\\OneDrive\\Escritorio\\Carlos TEC\\Fundamentos de BD\\Codeigniter\\Tienda_BD\\public\\index.php')
ERROR - 2023-12-09 22:41:33 --> mysqli_sql_exception: Cannot add or update a child row: a foreign key constraint fails (`tienda`.`productos`, CONSTRAINT `fk_categoria` FOREIGN KEY (`categoria_id`) REFERENCES `categorias` (`id`)) in C:\Users\famua\OneDrive\Escritorio\Carlos TEC\Fundamentos de BD\Codeigniter\Tienda_BD\system\Database\MySQLi\Connection.php:306
Stack trace:
#0 C:\Users\famua\OneDrive\Escritorio\Carlos TEC\Fundamentos de BD\Codeigniter\Tienda_BD\system\Database\MySQLi\Connection.php(306): mysqli->query('INSERT INTO `pr...', 0)
#1 C:\Users\famua\OneDrive\Escritorio\Carlos TEC\Fundamentos de BD\Codeigniter\Tienda_BD\system\Database\BaseConnection.php(693): CodeIgniter\Database\MySQLi\Connection->execute('INSERT INTO `pr...')
#2 C:\Users\famua\OneDrive\Escritorio\Carlos TEC\Fundamentos de BD\Codeigniter\Tienda_BD\system\Database\BaseConnection.php(607): CodeIgniter\Database\BaseConnection->simpleQuery('INSERT INTO `pr...')
#3 C:\Users\famua\OneDrive\Escritorio\Carlos TEC\Fundamentos de BD\Codeigniter\Tienda_BD\system\Database\BaseBuilder.php(2308): CodeIgniter\Database\BaseConnection->query('INSERT INTO `pr...', Array, false)
#4 C:\Users\famua\OneDrive\Escritorio\Carlos TEC\Fundamentos de BD\Codeigniter\Tienda_BD\system\Model.php(319): CodeIgniter\Database\BaseBuilder->insert()
#5 C:\Users\famua\OneDrive\Escritorio\Carlos TEC\Fundamentos de BD\Codeigniter\Tienda_BD\system\BaseModel.php(788): CodeIgniter\Model->doInsert(Array)
#6 C:\Users\famua\OneDrive\Escritorio\Carlos TEC\Fundamentos de BD\Codeigniter\Tienda_BD\system\Model.php(715): CodeIgniter\BaseModel->insert(Array, true)
#7 C:\Users\famua\OneDrive\Escritorio\Carlos TEC\Fundamentos de BD\Codeigniter\Tienda_BD\app\Controllers\ProductoController.php(50): CodeIgniter\Model->insert(Array)
#8 C:\Users\famua\OneDrive\Escritorio\Carlos TEC\Fundamentos de BD\Codeigniter\Tienda_BD\system\CodeIgniter.php(942): App\Controllers\ProductoController->store()
#9 C:\Users\famua\OneDrive\Escritorio\Carlos TEC\Fundamentos de BD\Codeigniter\Tienda_BD\system\CodeIgniter.php(502): CodeIgniter\CodeIgniter->runController(Object(App\Controllers\ProductoController))
#10 C:\Users\famua\OneDrive\Escritorio\Carlos TEC\Fundamentos de BD\Codeigniter\Tienda_BD\system\CodeIgniter.php(361): CodeIgniter\CodeIgniter->handleRequest(NULL, Object(Config\Cache), false)
#11 C:\Users\famua\OneDrive\Escritorio\Carlos TEC\Fundamentos de BD\Codeigniter\Tienda_BD\public\index.php(79): CodeIgniter\CodeIgniter->run()
#12 C:\Users\famua\OneDrive\Escritorio\Carlos TEC\Fundamentos de BD\Codeigniter\Tienda_BD\system\Commands\Server\rewrite.php(47): require_once('C:\\Users\\famua\\...')
#13 {main}
CRITICAL - 2023-12-09 22:41:33 --> Cannot add or update a child row: a foreign key constraint fails (`tienda`.`productos`, CONSTRAINT `fk_categoria` FOREIGN KEY (`categoria_id`) REFERENCES `categorias` (`id`))
in SYSTEMPATH\Database\BaseConnection.php on line 647.
 1 SYSTEMPATH\Database\BaseBuilder.php(2308): CodeIgniter\Database\BaseConnection->query('INSERT INTO `productos` (`sku`, `nombre_producto`, `nombre_corto`, `descripcion`, `imagen`, `precio_venta`, `precio_compra`, `created_at`, `updated_at`) VALUES (:sku:, :nombre_producto:, :nombre_corto:, :descripcion:, :imagen:, :precio_venta:, :precio_compra:, :created_at:, :updated_at:)', [...], false)
 2 SYSTEMPATH\Model.php(319): CodeIgniter\Database\BaseBuilder->insert()
 3 SYSTEMPATH\BaseModel.php(788): CodeIgniter\Model->doInsert([...])
 4 SYSTEMPATH\Model.php(715): CodeIgniter\BaseModel->insert([...], true)
 5 APPPATH\Controllers\ProductoController.php(50): CodeIgniter\Model->insert([...])
 6 SYSTEMPATH\CodeIgniter.php(942): App\Controllers\ProductoController->store()
 7 SYSTEMPATH\CodeIgniter.php(502): CodeIgniter\CodeIgniter->runController(Object(App\Controllers\ProductoController))
 8 SYSTEMPATH\CodeIgniter.php(361): CodeIgniter\CodeIgniter->handleRequest(null, Object(Config\Cache), false)
 9 FCPATH\index.php(79): CodeIgniter\CodeIgniter->run()
10 SYSTEMPATH\Commands\Server\rewrite.php(47): require_once('C:\\Users\\famua\\OneDrive\\Escritorio\\Carlos TEC\\Fundamentos de BD\\Codeigniter\\Tienda_BD\\public\\index.php')
ERROR - 2023-12-09 22:42:31 --> mysqli_sql_exception: Cannot add or update a child row: a foreign key constraint fails (`tienda`.`productos`, CONSTRAINT `fk_categoria` FOREIGN KEY (`categoria_id`) REFERENCES `categorias` (`id`)) in C:\Users\famua\OneDrive\Escritorio\Carlos TEC\Fundamentos de BD\Codeigniter\Tienda_BD\system\Database\MySQLi\Connection.php:306
Stack trace:
#0 C:\Users\famua\OneDrive\Escritorio\Carlos TEC\Fundamentos de BD\Codeigniter\Tienda_BD\system\Database\MySQLi\Connection.php(306): mysqli->query('INSERT INTO `pr...', 0)
#1 C:\Users\famua\OneDrive\Escritorio\Carlos TEC\Fundamentos de BD\Codeigniter\Tienda_BD\system\Database\BaseConnection.php(693): CodeIgniter\Database\MySQLi\Connection->execute('INSERT INTO `pr...')
#2 C:\Users\famua\OneDrive\Escritorio\Carlos TEC\Fundamentos de BD\Codeigniter\Tienda_BD\system\Database\BaseConnection.php(607): CodeIgniter\Database\BaseConnection->simpleQuery('INSERT INTO `pr...')
#3 C:\Users\famua\OneDrive\Escritorio\Carlos TEC\Fundamentos de BD\Codeigniter\Tienda_BD\system\Database\BaseBuilder.php(2308): CodeIgniter\Database\BaseConnection->query('INSERT INTO `pr...', Array, false)
#4 C:\Users\famua\OneDrive\Escritorio\Carlos TEC\Fundamentos de BD\Codeigniter\Tienda_BD\system\Model.php(319): CodeIgniter\Database\BaseBuilder->insert()
#5 C:\Users\famua\OneDrive\Escritorio\Carlos TEC\Fundamentos de BD\Codeigniter\Tienda_BD\system\BaseModel.php(788): CodeIgniter\Model->doInsert(Array)
#6 C:\Users\famua\OneDrive\Escritorio\Carlos TEC\Fundamentos de BD\Codeigniter\Tienda_BD\system\Model.php(715): CodeIgniter\BaseModel->insert(Array, true)
#7 C:\Users\famua\OneDrive\Escritorio\Carlos TEC\Fundamentos de BD\Codeigniter\Tienda_BD\app\Controllers\ProductoController.php(50): CodeIgniter\Model->insert(Array)
#8 C:\Users\famua\OneDrive\Escritorio\Carlos TEC\Fundamentos de BD\Codeigniter\Tienda_BD\system\CodeIgniter.php(942): App\Controllers\ProductoController->store()
#9 C:\Users\famua\OneDrive\Escritorio\Carlos TEC\Fundamentos de BD\Codeigniter\Tienda_BD\system\CodeIgniter.php(502): CodeIgniter\CodeIgniter->runController(Object(App\Controllers\ProductoController))
#10 C:\Users\famua\OneDrive\Escritorio\Carlos TEC\Fundamentos de BD\Codeigniter\Tienda_BD\system\CodeIgniter.php(361): CodeIgniter\CodeIgniter->handleRequest(NULL, Object(Config\Cache), false)
#11 C:\Users\famua\OneDrive\Escritorio\Carlos TEC\Fundamentos de BD\Codeigniter\Tienda_BD\public\index.php(79): CodeIgniter\CodeIgniter->run()
#12 C:\Users\famua\OneDrive\Escritorio\Carlos TEC\Fundamentos de BD\Codeigniter\Tienda_BD\system\Commands\Server\rewrite.php(47): require_once('C:\\Users\\famua\\...')
#13 {main}
CRITICAL - 2023-12-09 22:42:31 --> Cannot add or update a child row: a foreign key constraint fails (`tienda`.`productos`, CONSTRAINT `fk_categoria` FOREIGN KEY (`categoria_id`) REFERENCES `categorias` (`id`))
in SYSTEMPATH\Database\BaseConnection.php on line 647.
 1 SYSTEMPATH\Database\BaseBuilder.php(2308): CodeIgniter\Database\BaseConnection->query('INSERT INTO `productos` (`sku`, `nombre_producto`, `nombre_corto`, `descripcion`, `imagen`, `precio_venta`, `precio_compra`, `created_at`, `updated_at`) VALUES (:sku:, :nombre_producto:, :nombre_corto:, :descripcion:, :imagen:, :precio_venta:, :precio_compra:, :created_at:, :updated_at:)', [...], false)
 2 SYSTEMPATH\Model.php(319): CodeIgniter\Database\BaseBuilder->insert()
 3 SYSTEMPATH\BaseModel.php(788): CodeIgniter\Model->doInsert([...])
 4 SYSTEMPATH\Model.php(715): CodeIgniter\BaseModel->insert([...], true)
 5 APPPATH\Controllers\ProductoController.php(50): CodeIgniter\Model->insert([...])
 6 SYSTEMPATH\CodeIgniter.php(942): App\Controllers\ProductoController->store()
 7 SYSTEMPATH\CodeIgniter.php(502): CodeIgniter\CodeIgniter->runController(Object(App\Controllers\ProductoController))
 8 SYSTEMPATH\CodeIgniter.php(361): CodeIgniter\CodeIgniter->handleRequest(null, Object(Config\Cache), false)
 9 FCPATH\index.php(79): CodeIgniter\CodeIgniter->run()
10 SYSTEMPATH\Commands\Server\rewrite.php(47): require_once('C:\\Users\\famua\\OneDrive\\Escritorio\\Carlos TEC\\Fundamentos de BD\\Codeigniter\\Tienda_BD\\public\\index.php')
CRITICAL - 2023-12-09 22:42:54 --> syntax error, unexpected end of file
in APPPATH\Views\productos\index.php on line 53.
 1 SYSTEMPATH\View\View.php(231): CodeIgniter\View\View->CodeIgniter\View\{closure}()
 2 SYSTEMPATH\Common.php(1190): CodeIgniter\View\View->render('productos/index', [], true)
 3 APPPATH\Controllers\ProductoController.php(28): view('productos/index', [...])
 4 SYSTEMPATH\CodeIgniter.php(942): App\Controllers\ProductoController->index()
 5 SYSTEMPATH\CodeIgniter.php(502): CodeIgniter\CodeIgniter->runController(Object(App\Controllers\ProductoController))
 6 SYSTEMPATH\CodeIgniter.php(361): CodeIgniter\CodeIgniter->handleRequest(null, Object(Config\Cache), false)
 7 FCPATH\index.php(79): CodeIgniter\CodeIgniter->run()
 8 SYSTEMPATH\Commands\Server\rewrite.php(47): require_once('C:\\Users\\famua\\OneDrive\\Escritorio\\Carlos TEC\\Fundamentos de BD\\Codeigniter\\Tienda_BD\\public\\index.php')
CRITICAL - 2023-12-09 22:43:26 --> syntax error, unexpected end of file
in APPPATH\Views\productos\index.php on line 54.
 1 SYSTEMPATH\View\View.php(231): CodeIgniter\View\View->CodeIgniter\View\{closure}()
 2 SYSTEMPATH\Common.php(1190): CodeIgniter\View\View->render('productos/index', [], true)
 3 APPPATH\Controllers\ProductoController.php(28): view('productos/index', [...])
 4 SYSTEMPATH\CodeIgniter.php(942): App\Controllers\ProductoController->index()
 5 SYSTEMPATH\CodeIgniter.php(502): CodeIgniter\CodeIgniter->runController(Object(App\Controllers\ProductoController))
 6 SYSTEMPATH\CodeIgniter.php(361): CodeIgniter\CodeIgniter->handleRequest(null, Object(Config\Cache), false)
 7 FCPATH\index.php(79): CodeIgniter\CodeIgniter->run()
 8 SYSTEMPATH\Commands\Server\rewrite.php(47): require_once('C:\\Users\\famua\\OneDrive\\Escritorio\\Carlos TEC\\Fundamentos de BD\\Codeigniter\\Tienda_BD\\public\\index.php')
